2026-01-24 20:27:33 - __main__ - INFO - ================================================================================
2026-01-24 20:27:33 - __main__ - INFO -                         PYPSA-NZA DYNAMIC DATA PROCESSOR                        
2026-01-24 20:27:33 - __main__ - INFO - ================================================================================
2026-01-24 20:27:33 - __main__ - INFO - Config: pypsa_nza_data\config\nza_process_dynamic_data.yaml
2026-01-24 20:27:33 - __main__ - INFO - Root:   C:\Users\Public\Documents\Thesis\analysis\pypsa-nza-data
2026-01-24 20:27:33 - __main__ - INFO - 
2026-01-24 20:27:33 - __main__ - INFO - Energy types to process: gen, export, import, hvdc, react
2026-01-24 20:27:33 - __main__ - INFO - Scale factor:            0.001
2026-01-24 20:27:33 - __main__ - INFO - 
2026-01-24 20:27:33 - __main__ - INFO - ================================================================================
2026-01-24 20:27:33 - __main__ - INFO -                                 PROCESSING: GEN                                 
2026-01-24 20:27:33 - __main__ - INFO - ================================================================================
2026-01-24 20:27:33 - __main__ - ERROR - ✗ Input directory does not exist: C:\Users\Public\Documents\Thesis\analysis\pypsa-nza-data\data\raw\2024\gen
2026-01-24 20:27:33 - __main__ - INFO - ================================================================================
2026-01-24 20:27:33 - __main__ - INFO -                                PROCESSING: EXPORT                               
2026-01-24 20:27:33 - __main__ - INFO - ================================================================================
2026-01-24 20:27:33 - __main__ - ERROR - ✗ Input directory does not exist: C:\Users\Public\Documents\Thesis\analysis\pypsa-nza-data\data\raw\2024\export
2026-01-24 20:27:33 - __main__ - INFO - ================================================================================
2026-01-24 20:27:33 - __main__ - INFO -                                PROCESSING: IMPORT                               
2026-01-24 20:27:33 - __main__ - INFO - ================================================================================
2026-01-24 20:27:33 - __main__ - ERROR - ✗ Input directory does not exist: C:\Users\Public\Documents\Thesis\analysis\pypsa-nza-data\data\raw\2024\import
2026-01-24 20:27:33 - __main__ - INFO - ================================================================================
2026-01-24 20:27:33 - __main__ - INFO -                                 PROCESSING: HVDC                                
2026-01-24 20:27:33 - __main__ - INFO - ================================================================================
2026-01-24 20:27:33 - __main__ - ERROR - ✗ Input directory does not exist: C:\Users\Public\Documents\Thesis\analysis\pypsa-nza-data\data\raw\2024\hvdc
2026-01-24 20:27:33 - __main__ - INFO - ================================================================================
2026-01-24 20:27:33 - __main__ - INFO -                                PROCESSING: REACT                                
2026-01-24 20:27:33 - __main__ - INFO - ================================================================================
2026-01-24 20:27:33 - __main__ - ERROR - ✗ Input directory does not exist: C:\Users\Public\Documents\Thesis\analysis\pypsa-nza-data\data\raw\2024\react
2026-01-24 20:27:33 - __main__ - INFO - ================================================================================
2026-01-24 20:27:33 - __main__ - INFO -                                     SUMMARY                                     
2026-01-24 20:27:33 - __main__ - INFO - ================================================================================
2026-01-24 20:27:33 - __main__ - INFO - Total files processed: 0
2026-01-24 20:27:33 - __main__ - INFO - Elapsed:              0.00 seconds
